PDOException: SQLSTATE[42S22]: Column not found: 1054 Unknown column 'id' in 'field list' in C:\xampp\htdocs\sge_713\apirest\modelos\materia.modelo.php:39
Stack trace:
#0 C:\xampp\htdocs\sge_713\apirest\modelos\materia.modelo.php(39): PDOStatement->execute()
#1 C:\xampp\htdocs\sge_713\apirest\controladores\materia.controlador.php(23): Materia::crearMateria('Lengua', 'Materia de lite...')
#2 C:\xampp\htdocs\sge_713\apirest\rutas\rutas.php(35): MateriaControlador->procesarPeticionHTTP('materia')
#3 C:\xampp\htdocs\sge_713\apirest\controladores\rutas.controlador.php(4): include('C:\\xampp\\htdocs...')
#4 C:\xampp\htdocs\sge_713\apirest\index.php(6): RutasControlador->index()
#5 {main}PDOException: SQLSTATE[42S22]: Column not found: 1054 Unknown column 'id' in 'where clause' in C:\xampp\htdocs\sge_713\apirest\modelos\materia.modelo.php:62
Stack trace:
#0 C:\xampp\htdocs\sge_713\apirest\modelos\materia.modelo.php(62): PDOStatement->execute()
#1 C:\xampp\htdocs\sge_713\apirest\controladores\materia.controlador.php(33): Materia::eliminarMateria('0')
#2 C:\xampp\htdocs\sge_713\apirest\rutas\rutas.php(35): MateriaControlador->procesarPeticionHTTP('materia')
#3 C:\xampp\htdocs\sge_713\apirest\controladores\rutas.controlador.php(4): include('C:\\xampp\\htdocs...')
#4 C:\xampp\htdocs\sge_713\apirest\index.php(6): RutasControlador->index()
#5 {main}PDOException: SQLSTATE[42S22]: Column not found: 1054 Unknown column 'id' in 'where clause' in C:\xampp\htdocs\sge_713\apirest\modelos\materia.modelo.php:62
Stack trace:
#0 C:\xampp\htdocs\sge_713\apirest\modelos\materia.modelo.php(62): PDOStatement->execute()
#1 C:\xampp\htdocs\sge_713\apirest\controladores\materia.controlador.php(33): Materia::eliminarMateria('0')
#2 C:\xampp\htdocs\sge_713\apirest\rutas\rutas.php(35): MateriaControlador->procesarPeticionHTTP('materia')
#3 C:\xampp\htdocs\sge_713\apirest\controladores\rutas.controlador.php(4): include('C:\\xampp\\htdocs...')
#4 C:\xampp\htdocs\sge_713\apirest\index.php(6): RutasControlador->index()
#5 {main}PDOException: SQLSTATE[42S22]: Column not found: 1054 Unknown column 'id' in 'where clause' in C:\xampp\htdocs\sge_713\apirest\modelos\materia.modelo.php:62
Stack trace:
#0 C:\xampp\htdocs\sge_713\apirest\modelos\materia.modelo.php(62): PDOStatement->execute()
#1 C:\xampp\htdocs\sge_713\apirest\controladores\materia.controlador.php(33): Materia::eliminarMateria('0')
#2 C:\xampp\htdocs\sge_713\apirest\rutas\rutas.php(35): MateriaControlador->procesarPeticionHTTP('materia')
#3 C:\xampp\htdocs\sge_713\apirest\controladores\rutas.controlador.php(4): include('C:\\xampp\\htdocs...')
#4 C:\xampp\htdocs\sge_713\apirest\index.php(6): RutasControlador->index()
#5 {main}PDOException: SQLSTATE[42S22]: Column not found: 1054 Unknown column 'id' in 'where clause' in C:\xampp\htdocs\sge_713\apirest\modelos\materia.modelo.php:62
Stack trace:
#0 C:\xampp\htdocs\sge_713\apirest\modelos\materia.modelo.php(62): PDOStatement->execute()
#1 C:\xampp\htdocs\sge_713\apirest\controladores\materia.controlador.php(33): Materia::eliminarMateria('0')
#2 C:\xampp\htdocs\sge_713\apirest\rutas\rutas.php(35): MateriaControlador->procesarPeticionHTTP('materia')
#3 C:\xampp\htdocs\sge_713\apirest\controladores\rutas.controlador.php(4): include('C:\\xampp\\htdocs...')
#4 C:\xampp\htdocs\sge_713\apirest\index.php(6): RutasControlador->index()
#5 {main}PDOException: SQLSTATE[42000]: Syntax error or access violation: 1064 You have an error in your SQL syntax; check the manual that corresponds to your MariaDB server version for the right syntax to use near '' at line 1 in C:\xampp\htdocs\sge_713\apirest\modelos\materia.modelo.php:62
Stack trace:
#0 C:\xampp\htdocs\sge_713\apirest\modelos\materia.modelo.php(62): PDOStatement->execute()
#1 C:\xampp\htdocs\sge_713\apirest\controladores\materia.controlador.php(33): Materia::eliminarMateria('0')
#2 C:\xampp\htdocs\sge_713\apirest\rutas\rutas.php(35): MateriaControlador->procesarPeticionHTTP('materia')
#3 C:\xampp\htdocs\sge_713\apirest\controladores\rutas.controlador.php(4): include('C:\\xampp\\htdocs...')
#4 C:\xampp\htdocs\sge_713\apirest\index.php(6): RutasControlador->index()
#5 {main}