exception 'PDOException' with message 'SQLSTATE[42S22]: Column not found: 1054 Unknown column 'id' in 'field list'' in C:\xampp\htdocs\sge_713\apirest\modelos\materia.modelo.php:43
Stack trace:
#0 C:\xampp\htdocs\sge_713\apirest\modelos\materia.modelo.php(43): PDOStatement->execute()
#1 C:\xampp\htdocs\sge_713\apirest\controladores\materia.controlador.php(23): Materia::crearMateria('', '')
#2 C:\xampp\htdocs\sge_713\apirest\rutas\rutas.php(34): MateriaControlador->procesarPeticionHTTP('materia')
#3 C:\xampp\htdocs\sge_713\apirest\controladores\rutas.controlador.php(4): include('C:\\xampp\\htdocs...')
#4 C:\xampp\htdocs\sge_713\apirest\index.php(6): RutasControlador->index()
#5 {main}exception 'PDOException' with message 'SQLSTATE[42S22]: Column not found: 1054 Unknown column 'id' in 'field list'' in C:\xampp\htdocs\sge_713\apirest\modelos\materia.modelo.php:43
Stack trace:
#0 C:\xampp\htdocs\sge_713\apirest\modelos\materia.modelo.php(43): PDOStatement->execute()
#1 C:\xampp\htdocs\sge_713\apirest\controladores\materia.controlador.php(23): Materia::crearMateria('lengua', 'lol')
#2 C:\xampp\htdocs\sge_713\apirest\rutas\rutas.php(34): MateriaControlador->procesarPeticionHTTP('materia')
#3 C:\xampp\htdocs\sge_713\apirest\controladores\rutas.controlador.php(4): include('C:\\xampp\\htdocs...')
#4 C:\xampp\htdocs\sge_713\apirest\index.php(6): RutasControlador->index()
#5 {main}exception 'PDOException' with message 'SQLSTATE[42S22]: Column not found: 1054 Unknown column 'id' in 'where clause'' in C:\xampp\htdocs\sge_713\apirest\modelos\materia.modelo.php:66
Stack trace:
#0 C:\xampp\htdocs\sge_713\apirest\modelos\materia.modelo.php(66): PDOStatement->execute()
#1 C:\xampp\htdocs\sge_713\apirest\controladores\materia.controlador.php(33): Materia::eliminarMateria('0')
#2 C:\xampp\htdocs\sge_713\apirest\rutas\rutas.php(34): MateriaControlador->procesarPeticionHTTP('materia')
#3 C:\xampp\htdocs\sge_713\apirest\controladores\rutas.controlador.php(4): include('C:\\xampp\\htdocs...')
#4 C:\xampp\htdocs\sge_713\apirest\index.php(6): RutasControlador->index()
#5 {main}exception 'PDOException' with message 'SQLSTATE[42000]: Syntax error or access violation: 1064 You have an error in your SQL syntax; check the manual that corresponds to your MariaDB server version for the right syntax to use near '' at line 1' in C:\xampp\htdocs\sge_713\apirest\modelos\materia.modelo.php:66
Stack trace:
#0 C:\xampp\htdocs\sge_713\apirest\modelos\materia.modelo.php(66): PDOStatement->execute()
#1 C:\xampp\htdocs\sge_713\apirest\controladores\materia.controlador.php(33): Materia::eliminarMateria('0')
#2 C:\xampp\htdocs\sge_713\apirest\rutas\rutas.php(34): MateriaControlador->procesarPeticionHTTP('materia')
#3 C:\xampp\htdocs\sge_713\apirest\controladores\rutas.controlador.php(4): include('C:\\xampp\\htdocs...')
#4 C:\xampp\htdocs\sge_713\apirest\index.php(6): RutasControlador->index()
#5 {main}exception 'PDOException' with message 'SQLSTATE[42000]: Syntax error or access violation: 1064 You have an error in your SQL syntax; check the manual that corresponds to your MariaDB server version for the right syntax to use near '' at line 1' in C:\xampp\htdocs\sge_713\apirest\modelos\materia.modelo.php:66
Stack trace:
#0 C:\xampp\htdocs\sge_713\apirest\modelos\materia.modelo.php(66): PDOStatement->execute()
#1 C:\xampp\htdocs\sge_713\apirest\controladores\materia.controlador.php(33): Materia::eliminarMateria(9)
#2 C:\xampp\htdocs\sge_713\apirest\rutas\rutas.php(34): MateriaControlador->procesarPeticionHTTP('materia')
#3 C:\xampp\htdocs\sge_713\apirest\controladores\rutas.controlador.php(4): include('C:\\xampp\\htdocs...')
#4 C:\xampp\htdocs\sge_713\apirest\index.php(6): RutasControlador->index()
#5 {main}exception 'PDOException' with message 'SQLSTATE[42000]: Syntax error or access violation: 1064 You have an error in your SQL syntax; check the manual that corresponds to your MariaDB server version for the right syntax to use near ' 0)' at line 1' in C:\xampp\htdocs\sge_713\apirest\modelos\plan.modelo.php:39
Stack trace:
#0 C:\xampp\htdocs\sge_713\apirest\modelos\plan.modelo.php(39): PDOStatement->execute()
#1 C:\xampp\htdocs\sge_713\apirest\controladores\plan.controlador.php(26): Plan::crearPlan('0', '0', '0', '0')
#2 C:\xampp\htdocs\sge_713\apirest\rutas\rutas.php(41): PlanControlador->procesarPeticionHTTP('plan')
#3 C:\xampp\htdocs\sge_713\apirest\controladores\rutas.controlador.php(4): include('C:\\xampp\\htdocs...')
#4 C:\xampp\htdocs\sge_713\apirest\index.php(6): RutasControlador->index()
#5 {main}exception 'PDOException' with message 'SQLSTATE[42000]: Syntax error or access violation: 1064 You have an error in your SQL syntax; check the manual that corresponds to your MariaDB server version for the right syntax to use near ' 0)' at line 1' in C:\xampp\htdocs\sge_713\apirest\modelos\plan.modelo.php:39
Stack trace:
#0 C:\xampp\htdocs\sge_713\apirest\modelos\plan.modelo.php(39): PDOStatement->execute()
#1 C:\xampp\htdocs\sge_713\apirest\controladores\plan.controlador.php(26): Plan::crearPlan('0', '0', '0', '0')
#2 C:\xampp\htdocs\sge_713\apirest\rutas\rutas.php(41): PlanControlador->procesarPeticionHTTP('plan')
#3 C:\xampp\htdocs\sge_713\apirest\controladores\rutas.controlador.php(4): include('C:\\xampp\\htdocs...')
#4 C:\xampp\htdocs\sge_713\apirest\index.php(6): RutasControlador->index()
#5 {main}exception 'PDOException' with message 'SQLSTATE[42000]: Syntax error or access violation: 1064 You have an error in your SQL syntax; check the manual that corresponds to your MariaDB server version for the right syntax to use near ' 0)' at line 1' in C:\xampp\htdocs\sge_713\apirest\modelos\plan.modelo.php:39
Stack trace:
#0 C:\xampp\htdocs\sge_713\apirest\modelos\plan.modelo.php(39): PDOStatement->execute()
#1 C:\xampp\htdocs\sge_713\apirest\controladores\plan.controlador.php(26): Plan::crearPlan('0', '0', '0', '0')
#2 C:\xampp\htdocs\sge_713\apirest\rutas\rutas.php(41): PlanControlador->procesarPeticionHTTP('plan')
#3 C:\xampp\htdocs\sge_713\apirest\controladores\rutas.controlador.php(4): include('C:\\xampp\\htdocs...')
#4 C:\xampp\htdocs\sge_713\apirest\index.php(6): RutasControlador->index()
#5 {main}exception 'PDOException' with message 'SQLSTATE[42000]: Syntax error or access violation: 1064 You have an error in your SQL syntax; check the manual that corresponds to your MariaDB server version for the right syntax to use near ' 0)' at line 1' in C:\xampp\htdocs\sge_713\apirest\modelos\plan.modelo.php:39
Stack trace:
#0 C:\xampp\htdocs\sge_713\apirest\modelos\plan.modelo.php(39): PDOStatement->execute()
#1 C:\xampp\htdocs\sge_713\apirest\controladores\plan.controlador.php(26): Plan::crearPlan('0', '0', '0', '0')
#2 C:\xampp\htdocs\sge_713\apirest\rutas\rutas.php(41): PlanControlador->procesarPeticionHTTP('plan')
#3 C:\xampp\htdocs\sge_713\apirest\controladores\rutas.controlador.php(4): include('C:\\xampp\\htdocs...')
#4 C:\xampp\htdocs\sge_713\apirest\index.php(6): RutasControlador->index()
#5 {main}exception 'PDOException' with message 'SQLSTATE[42S22]: Column not found: 1054 Unknown column 'id_plan' in 'where clause'' in C:\xampp\htdocs\sge_713\apirest\modelos\plan.modelo.php:66
Stack trace:
#0 C:\xampp\htdocs\sge_713\apirest\modelos\plan.modelo.php(66): PDOStatement->execute()
#1 C:\xampp\htdocs\sge_713\apirest\controladores\plan.controlador.php(36): Plan::eliminarPlan('0')
#2 C:\xampp\htdocs\sge_713\apirest\rutas\rutas.php(41): PlanControlador->procesarPeticionHTTP('plan')
#3 C:\xampp\htdocs\sge_713\apirest\controladores\rutas.controlador.php(4): include('C:\\xampp\\htdocs...')
#4 C:\xampp\htdocs\sge_713\apirest\index.php(6): RutasControlador->index()
#5 {main}exception 'PDOException' with message 'SQLSTATE[42000]: Syntax error or access violation: 1064 You have an error in your SQL syntax; check the manual that corresponds to your MariaDB server version for the right syntax to use near ' 127)' at line 1' in C:\xampp\htdocs\sge_713\apirest\modelos\plan.modelo.php:39
Stack trace:
#0 C:\xampp\htdocs\sge_713\apirest\modelos\plan.modelo.php(39): PDOStatement->execute()
#1 C:\xampp\htdocs\sge_713\apirest\controladores\plan.controlador.php(26): Plan::crearPlan(2006, 1, '0', 127)
#2 C:\xampp\htdocs\sge_713\apirest\rutas\rutas.php(41): PlanControlador->procesarPeticionHTTP('plan')
#3 C:\xampp\htdocs\sge_713\apirest\controladores\rutas.controlador.php(4): include('C:\\xampp\\htdocs...')
#4 C:\xampp\htdocs\sge_713\apirest\index.php(6): RutasControlador->index()
#5 {main}